<?xml version="1.0" encoding="UTF-8"?>
<!-- Generated by org.testng.reporters.JUnitReportReporter -->
<testsuite hostname="LAPTOP-MQ7POIOU" failures="0" tests="2" name="External_json" time="2.479" errors="0" timestamp="2023-11-02T13:18:58 IST" skipped="0">
  <testcase classname="External_json" name="testPostusing_ExternalJSONfile" time="2.471"/>
  <system-out/>
  <testcase classname="External_json" name="testUsingjsonParser" time="0.008"/>
  <system-out/>
</testsuite> <!-- External_json -->
