<?xml version="1.0" encoding="UTF-8"?>
<!-- Generated by org.testng.reporters.JUnitReportReporter -->
<testsuite hostname="LAPTOP-MQ7POIOU" failures="0" tests="1" name="MyRequests" time="4.215" errors="0" timestamp="2023-10-13T13:56:46 IST" skipped="0">
  <testcase classname="MyRequests" name="putRequest" time="4.215"/>
  <system-out/>
</testsuite> <!-- MyRequests -->
