<?xml version="1.0" encoding="UTF-8"?>
<!-- Generated by org.testng.reporters.JUnitReportReporter -->
<testsuite hostname="LAPTOP-MQ7POIOU" failures="0" tests="1" name="JSONSchemaValidation" time="1.807" errors="0" timestamp="2024-02-01T16:30:21 IST" skipped="0">
  <testcase classname="JSONSchemaValidation" name="JsonValidation" time="1.807"/>
  <system-out/>
</testsuite> <!-- JSONSchemaValidation -->
