<?xml version="1.0" encoding="UTF-8"?>
<!-- Generated by org.testng.reporters.JUnitReportReporter -->
<testsuite hostname="LAPTOP-MQ7POIOU" failures="0" tests="1" name="JSONSchemaValidation" time="2.363" errors="0" timestamp="2024-03-20T16:14:22 IST" skipped="0">
  <testcase classname="JSONSchemaValidation" name="JsonValidation" time="2.363"/>
  <system-out/>
</testsuite> <!-- JSONSchemaValidation -->
