<?xml version="1.0" encoding="UTF-8"?>
<!-- Generated by org.testng.reporters.JUnitReportReporter -->
<testsuite hostname="LAPTOP-MQ7POIOU" failures="0" tests="1" name="session22.DemoNestedJSONPayload" time="2.969" errors="0" timestamp="2023-07-11T14:54:41 IST" skipped="0">
  <testcase classname="session22.DemoNestedJSONPayload" name="createUser" time="2.969"/>
  <system-out/>
</testsuite> <!-- session22.DemoNestedJSONPayload -->
