<?xml version="1.0" encoding="UTF-8"?>
<!-- Generated by org.testng.reporters.JUnitReportReporter -->
<testsuite hostname="LAPTOP-MQ7POIOU" failures="0" tests="2" name="session27.DemoTest" time="2.285" errors="0" timestamp="2023-07-11T14:54:41 IST" skipped="0">
  <testcase classname="session27.DemoTest" name="test1" time="1.500"/>
  <system-out/>
  <testcase classname="session27.DemoTest" name="test2" time="0.785"/>
  <system-out/>
</testsuite> <!-- session27.DemoTest -->
