<?xml version="1.0" encoding="UTF-8"?>
<!-- Generated by org.testng.reporters.JUnitReportReporter -->
<testsuite hostname="LAPTOP-MQ7POIOU" failures="0" tests="1" name="FirstGetRequest" time="0.047" errors="0" timestamp="2023-07-11T14:54:42 IST" skipped="0">
  <testcase classname="FirstGetRequest" name="testcase01" time="0.047"/>
  <system-out/>
</testsuite> <!-- FirstGetRequest -->
