<?xml version="1.0" encoding="UTF-8"?>
<!-- Generated by org.testng.reporters.JUnitReportReporter -->
<testsuite hostname="LAPTOP-MQ7POIOU" failures="0" tests="1" name="session03.Test_PatchMethod" time="1.747" errors="0" timestamp="2023-08-10T13:01:37 IST" skipped="0">
  <testcase classname="session03.Test_PatchMethod" name="test05" time="1.747"/>
  <system-out/>
</testsuite> <!-- session03.Test_PatchMethod -->
