<?xml version="1.0" encoding="UTF-8"?>
<!-- Generated by org.testng.reporters.JUnitReportReporter -->
<testsuite hostname="LAPTOP-MQ7POIOU" failures="0" tests="1" name="Path_Queryparam" time="3.687" errors="0" timestamp="2024-05-02T12:03:08 IST" skipped="0">
  <testcase classname="Path_Queryparam" name="queryparam" time="3.687"/>
  <system-out/>
</testsuite> <!-- Path_Queryparam -->
