<?xml version="1.0" encoding="UTF-8"?>
<!-- Generated by org.testng.reporters.JUnitReportReporter -->
<testsuite hostname="LAPTOP-MQ7POIOU" failures="0" tests="1" name="session03.Test_PutMethod" time="2.690" errors="0" timestamp="2023-08-22T20:45:26 IST" skipped="0">
  <testcase classname="session03.Test_PutMethod" name="test04" time="2.690"/>
  <system-out/>
</testsuite> <!-- session03.Test_PutMethod -->
