<?xml version="1.0" encoding="UTF-8"?>
<!-- Generated by org.testng.reporters.JUnitReportReporter -->
<testsuite hostname="LAPTOP-MQ7POIOU" failures="0" tests="1" name="External_json" time="3.237" errors="0" timestamp="2023-08-28T20:27:18 IST" skipped="0">
  <testcase classname="External_json" name="testPostusing_ExternalJSONfile" time="3.237"/>
  <system-out/>
</testsuite> <!-- External_json -->
