<?xml version="1.0" encoding="UTF-8"?>
<!-- Generated by org.testng.reporters.JUnitReportReporter -->
<testsuite hostname="LAPTOP-MQ7POIOU" failures="0" tests="1" name="ExternalJson2" time="0.023" errors="0" timestamp="2023-12-17T21:04:00 IST" skipped="0">
  <testcase classname="ExternalJson2" name="testUsingRestAssured" time="0.023"/>
  <system-out/>
</testsuite> <!-- ExternalJson2 -->
