<?xml version="1.0" encoding="UTF-8"?>
<!-- Generated by org.testng.reporters.JUnitReportReporter -->
<testsuite hostname="LAPTOP-MQ7POIOU" failures="0" tests="1" name="session31.DemoSchemaValidation2" time="0.160" errors="0" timestamp="2023-07-11T14:54:42 IST" skipped="0">
  <testcase classname="session31.DemoSchemaValidation2" name="testMethod" time="0.160"/>
  <system-out/>
</testsuite> <!-- session31.DemoSchemaValidation2 -->
