<?xml version="1.0" encoding="UTF-8"?>
<!-- Generated by org.testng.reporters.JUnitReportReporter -->
<testsuite hostname="LAPTOP-MQ7POIOU" failures="0" tests="1" name="session10.AuthorizationDemo" time="0.614" errors="0" timestamp="2023-07-11T14:54:41 IST" skipped="0">
  <testcase classname="session10.AuthorizationDemo" name="GetWeatherDataByCity" time="0.614"/>
  <system-out/>
</testsuite> <!-- session10.AuthorizationDemo -->
