<?xml version="1.0" encoding="UTF-8"?>
<!-- Generated by org.testng.reporters.JUnitReportReporter -->
<testsuite hostname="LAPTOP-MQ7POIOU" failures="0" tests="1" name="session24.DemoJsonInclude" time="0.011" errors="0" timestamp="2023-07-11T14:54:42 IST" skipped="0">
  <testcase classname="session24.DemoJsonInclude" name="testMethod1" time="0.011"/>
  <system-out/>
</testsuite> <!-- session24.DemoJsonInclude -->
