<?xml version="1.0" encoding="UTF-8"?>
<!-- Generated by org.testng.reporters.JUnitReportReporter -->
<testsuite hostname="LAPTOP-MQ7POIOU" failures="0" tests="1" name="Path_Queryparam" time="4.169" errors="0" timestamp="2023-10-13T12:28:03 IST" skipped="0">
  <testcase classname="Path_Queryparam" name="queryparam" time="4.169"/>
  <system-out/>
</testsuite> <!-- Path_Queryparam -->
