<?xml version="1.0" encoding="UTF-8"?>
<!-- Generated by org.testng.reporters.JUnitReportReporter -->
<testsuite hostname="LAPTOP-MQ7POIOU" failures="0" tests="2" name="External_json" time="4.429" errors="0" timestamp="2024-03-19T13:21:04 IST" skipped="0">
  <testcase classname="External_json" name="testUsingjsonParser" time="0.032"/>
  <system-out/>
  <testcase classname="External_json" name="testPostusing_ExternalJSONfile" time="4.397"/>
  <system-out/>
</testsuite> <!-- External_json -->
