<?xml version="1.0" encoding="UTF-8"?>
<!-- Generated by org.testng.reporters.JUnitReportReporter -->
<testsuite hostname="LAPTOP-MQ7POIOU" failures="0" tests="3" name="session04.CheckForValidResponse" time="0.151" errors="0" timestamp="2023-07-11T14:54:41 IST" skipped="2">
  <testcase classname="session04.CheckForValidResponse" name="GetSingleUser_BDDStyle" time="0.151"/>
  <system-out/>
  <testcase classname="session04.CheckForValidResponse" name="GetSingleUserUsingValidatableResponse">
    <skipped/>
  </testcase> <!-- GetSingleUserUsingValidatableResponse -->
  <system-out/>
  <testcase classname="session04.CheckForValidResponse" name="GetSingleUser">
    <skipped/>
  </testcase> <!-- GetSingleUser -->
  <system-out/>
</testsuite> <!-- session04.CheckForValidResponse -->
