<?xml version="1.0" encoding="UTF-8"?>
<!-- Generated by org.testng.reporters.JUnitReportReporter -->
<testsuite hostname="LAPTOP-MQ7POIOU" failures="0" tests="4" name="MyRequests" time="8.739" errors="0" timestamp="2024-05-02T12:18:52 IST" skipped="0">
  <testcase classname="MyRequests" name="deleteRequest" time="1.323"/>
  <system-out/>
  <testcase classname="MyRequests" name="JsonServer" time="2.401"/>
  <system-out/>
  <testcase classname="MyRequests" name="RequestSpecification" time="0.987"/>
  <system-out/>
  <testcase classname="MyRequests" name="putRequest" time="4.028"/>
  <system-out/>
</testsuite> <!-- MyRequests -->
