<?xml version="1.0" encoding="UTF-8"?>
<!-- Generated by org.testng.reporters.JUnitReportReporter -->
<testsuite hostname="LAPTOP-MQ7POIOU" failures="0" tests="1" name="session17.JSONObjectUsingJacksonAPI" time="0.473" errors="0" timestamp="2023-07-11T14:54:42 IST" skipped="0">
  <testcase classname="session17.JSONObjectUsingJacksonAPI" name="CreateUser" time="0.473"/>
  <system-out/>
</testsuite> <!-- session17.JSONObjectUsingJacksonAPI -->
