<?xml version="1.0" encoding="UTF-8"?>
<!-- Generated by org.testng.reporters.JUnitReportReporter -->
<testsuite hostname="LAPTOP-MQ7POIOU" failures="0" tests="2" name="session16.JSONArrayDemo" time="0.521" errors="0" timestamp="2023-07-11T14:54:41 IST" skipped="1">
  <testcase classname="session16.JSONArrayDemo" name="CreateJSonArrayUsingList" time="0.521"/>
  <system-out/>
  <testcase classname="session16.JSONArrayDemo" name="createUserUsingJSONArray">
    <skipped/>
  </testcase> <!-- createUserUsingJSONArray -->
  <system-out/>
</testsuite> <!-- session16.JSONArrayDemo -->
