<?xml version="1.0" encoding="UTF-8"?>
<!-- Generated by org.testng.reporters.JUnitReportReporter -->
<testsuite hostname="LAPTOP-MQ7POIOU" failures="0" tests="1" name="session03.Test111" time="2.095" errors="0" timestamp="2024-05-02T11:58:44 IST" skipped="0">
  <testcase classname="session03.Test111" name="myTest" time="2.095"/>
  <system-out/>
</testsuite> <!-- session03.Test111 -->
