<?xml version="1.0" encoding="UTF-8"?>
<!-- Generated by org.testng.reporters.JUnitReportReporter -->
<testsuite hostname="LAPTOP-MQ7POIOU" failures="0" tests="2" name="session14.ValidateXMLResponse" time="0.469" errors="0" timestamp="2023-07-11T14:54:41 IST" skipped="1">
  <testcase classname="session14.ValidateXMLResponse" name="GetTravellersData" time="0.469"/>
  <system-out/>
  <testcase classname="session14.ValidateXMLResponse" name="AddPet">
    <skipped/>
  </testcase> <!-- AddPet -->
  <system-out/>
</testsuite> <!-- session14.ValidateXMLResponse -->
