<?xml version="1.0" encoding="UTF-8"?>
<!-- Generated by org.testng.reporters.JUnitReportReporter -->
<testsuite hostname="LAPTOP-MQ7POIOU" failures="0" tests="1" name="MyRequests" time="2.531" errors="0" timestamp="2024-05-06T13:02:29 IST" skipped="0">
  <testcase classname="MyRequests" name="JsonServer" time="2.531"/>
  <system-out/>
</testsuite> <!-- MyRequests -->
