<?xml version="1.0" encoding="UTF-8"?>
<!-- Generated by org.testng.reporters.JUnitReportReporter -->
<testsuite hostname="LAPTOP-MQ7POIOU" failures="0" tests="3" name="MyRequests" time="4.236" errors="0" timestamp="2024-01-24T13:24:15 IST" skipped="0">
  <testcase classname="MyRequests" name="deleteRequest" time="1.370"/>
  <system-out/>
  <testcase classname="MyRequests" name="RequestSpecification" time="2.136"/>
  <system-out/>
  <testcase classname="MyRequests" name="putRequest" time="0.730"/>
  <system-out/>
</testsuite> <!-- MyRequests -->
