<?xml version="1.0" encoding="UTF-8"?>
<!-- Generated by org.testng.reporters.JUnitReportReporter -->
<testsuite hostname="LAPTOP-MQ7POIOU" failures="0" tests="1" name="MyRequests" time="2.712" errors="0" timestamp="2023-12-08T13:01:59 IST" skipped="0">
  <testcase classname="MyRequests" name="putRequest" time="2.712"/>
  <system-out/>
</testsuite> <!-- MyRequests -->
