<?xml version="1.0" encoding="UTF-8"?>
<!-- Generated by org.testng.reporters.JUnitReportReporter -->
<testsuite hostname="LAPTOP-MQ7POIOU" failures="0" tests="2" name="Session15.JsonObjecUsingJavaMapDemo" time="0.385" errors="0" timestamp="2023-07-11T14:54:41 IST" skipped="1">
  <testcase classname="Session15.JsonObjecUsingJavaMapDemo" name="createUser" time="0.385"/>
  <system-out/>
  <testcase classname="Session15.JsonObjecUsingJavaMapDemo" name="createAuthToken">
    <skipped/>
  </testcase> <!-- createAuthToken -->
  <system-out/>
</testsuite> <!-- Session15.JsonObjecUsingJavaMapDemo -->
