<?xml version="1.0" encoding="UTF-8"?>
<!-- Generated by org.testng.reporters.JUnitReportReporter -->
<testsuite hostname="LAPTOP-MQ7POIOU" failures="0" tests="1" name="JSONSchemaValidation" time="1.879" errors="0" timestamp="2023-09-30T13:55:09 IST" skipped="0">
  <testcase classname="JSONSchemaValidation" name="JsonValodation" time="1.879"/>
  <system-out/>
</testsuite> <!-- JSONSchemaValidation -->
