<?xml version="1.0" encoding="UTF-8"?>
<!-- Generated by org.testng.reporters.JUnitReportReporter -->
<testsuite hostname="LAPTOP-MQ7POIOU" failures="0" tests="1" name="session26.DemoIgnoreProperties" time="0.002" errors="0" timestamp="2023-07-11T14:54:41 IST" skipped="0">
  <testcase classname="session26.DemoIgnoreProperties" name="test1" time="0.002"/>
  <system-out/>
</testsuite> <!-- session26.DemoIgnoreProperties -->
