<?xml version="1.0" encoding="UTF-8"?>
<!-- Generated by org.testng.reporters.JUnitReportReporter -->
<testsuite hostname="LAPTOP-MQ7POIOU" failures="0" tests="3" name="External_json" time="3.675" errors="0" timestamp="2023-12-17T20:13:11 IST" skipped="0">
  <testcase classname="External_json" name="testUsingjsonParser" time="0.015"/>
  <system-out/>
  <testcase classname="External_json" name="testPostusing_ExternalJSONfile" time="3.599"/>
  <system-out/>
  <testcase classname="External_json" name="testUsingRestAssured" time="0.061"/>
  <system-out/>
</testsuite> <!-- External_json -->
