<?xml version="1.0" encoding="UTF-8"?>
<!-- Generated by org.testng.reporters.JUnitReportReporter -->
<testsuite hostname="LAPTOP-MQ7POIOU" failures="0" tests="1" name="session30.DemoJSONSchemaValidation" time="6.079" errors="0" timestamp="2024-03-19T13:34:56 IST" skipped="0">
  <testcase classname="session30.DemoJSONSchemaValidation" name="testMethod" time="6.079"/>
  <system-out/>
</testsuite> <!-- session30.DemoJSONSchemaValidation -->
